TN:
SF:/workspaces/c-template/build/Debug/_deps/unity-src/src/unity.c
FN:80,UnityPrintChar
FN:130,UnityPrint
FN:152,UnityPrintLen
FN:190,UnityPrintNumberByStyle
FN:241,UnityPrintNumber
FN:256,UnityPrintNumberUnsigned
FN:275,UnityPrintNumberHex
FN:301,UnityPrintMask
FN:336,UnityPrintFloat
FN:490,UnityTestResultsBegin
FN:533,UnityTestResultsFailBegin
FN:541,UnityConcludeTest
FN:565,UnityAddMsgIfSpecified
FN:592,UnityPrintExpectedAndActualStrings
FN:619,UnityPrintExpectedAndActualStringsLen
FN:652,UnityIsOneArrayNull
FN:686,UnityAssertBits
FN:707,UnityAssertEqualNumber
FN:728,UnityAssertGreaterOrLessOrEqualNumber
FN:775,UnityAssertEqualIntArray
FN:898,UnityFloatsWithin
FN:905,UnityAssertEqualFloatArray
FN:953,UnityAssertFloatsWithin
FN:972,UnityAssertFloatSpecial
FN:1178,UnityAssertNumbersWithin
FN:1225,UnityAssertNumbersArrayWithin
FN:1345,UnityAssertEqualString
FN:1384,UnityAssertEqualStringLen
FN:1424,UnityAssertEqualStringArray
FN:1503,UnityAssertEqualMemory
FN:1584,UnityNumToPtr
FN:1610,UnityFloatToPtr
FN:1758,UnityFail
FN:1795,UnityIgnore
FN:1811,UnityMessage
FN:1827,UnityDefaultTestRun
FN:1849,UnitySetTestFile
FN:1855,UnityBegin
FN:1871,UnityEnd
FNDA:435,UnityPrint
FNDA:45,UnityIsOneArrayNull
FNDA:0,UnityPrintMask
FNDA:0,UnityAssertFloatSpecial
FNDA:0,UnityMessage
FNDA:0,UnityAssertEqualStringArray
FNDA:0,UnityPrintExpectedAndActualStringsLen
FNDA:225,UnityAssertEqualNumber
FNDA:0,UnityFail
FNDA:0,UnityPrintFloat
FNDA:120,UnityDefaultTestRun
FNDA:0,UnityIgnore
FNDA:0,UnityPrintNumberByStyle
FNDA:0,UnityAssertEqualString
FNDA:0,UnityNumToPtr
FNDA:0,UnityPrintLen
FNDA:15,UnityBegin
FNDA:0,UnityTestResultsFailBegin
FNDA:0,UnityFloatToPtr
FNDA:0,UnityAssertFloatsWithin
FNDA:0,UnityPrintExpectedAndActualStrings
FNDA:0,UnityAssertEqualMemory
FNDA:0,UnityAssertEqualFloatArray
FNDA:120,UnityConcludeTest
FNDA:0,UnityAssertBits
FNDA:165,UnityPrintNumberUnsigned
FNDA:45,UnityAssertEqualIntArray
FNDA:0,UnityAddMsgIfSpecified
FNDA:0,UnityAssertEqualStringLen
FNDA:0,UnityFloatsWithin
FNDA:15,UnityEnd
FNDA:12120,UnityPrintChar
FNDA:0,UnityAssertNumbersArrayWithin
FNDA:0,UnityAssertGreaterOrLessOrEqualNumber
FNDA:0,UnityPrintNumberHex
FNDA:165,UnityPrintNumber
FNDA:0,UnitySetTestFile
FNDA:120,UnityTestResultsBegin
FNDA:0,UnityAssertNumbersWithin
FNF:39
FNH:12
DA:80,12120
DA:83,12120
DA:85,12120
DA:88,0
DA:90,0
DA:91,0
DA:94,0
DA:96,0
DA:97,0
DA:102,0
DA:103,0
DA:104,0
DA:106,12120
DA:130,435
DA:132,435
DA:134,435
DA:136,12555
DA:146,12120
DA:147,12120
DA:150,435
DA:152,0
DA:154,0
DA:156,0
DA:158,0
DA:161,0
DA:163,0
DA:166,0
DA:168,0
DA:169,0
DA:172,0
DA:174,0
DA:175,0
DA:180,0
DA:181,0
DA:182,0
DA:184,0
DA:187,0
DA:190,0
DA:192,0
DA:194,0
DA:197,0
DA:198,0
DA:200,0
DA:203,0
DA:205,0
DA:206,0
DA:209,0
DA:211,0
DA:212,0
DA:217,0
DA:218,0
DA:219,0
DA:221,0
DA:225,0
DA:228,0
DA:230,0
DA:234,0
DA:235,0
DA:236,0
DA:238,0
DA:241,165
DA:243,165
DA:245,165
DA:248,0
DA:249,0
DA:251,165
DA:252,165
DA:256,165
DA:258,165
DA:261,405
DA:263,240
DA:269,405
DA:270,405
DA:271,405
DA:272,165
DA:275,0
DA:278,0
DA:280,0
DA:282,0
DA:285,0
DA:287,0
DA:288,0
DA:289,0
DA:291,0
DA:295,0
DA:298,0
DA:301,0
DA:303,0
DA:306,0
DA:308,0
DA:310,0
DA:312,0
DA:316,0
DA:321,0
DA:323,0
DA:325,0
DA:336,0
DA:348,0
DA:351,0
DA:353,0
DA:354,0
DA:358,0
DA:360,0
DA:362,0
DA:364,0
DA:366,0
DA:368,0
DA:372,0
DA:373,0
DA:375,0
DA:384,0
DA:386,0
DA:388,0
DA:389,0
DA:391,0
DA:393,0
DA:395,0
DA:397,0
DA:398,0
DA:400,0
DA:409,0
DA:410,0
DA:411,0
DA:413,0
DA:415,0
DA:419,0
DA:423,0
DA:424,0
DA:427,0
DA:429,0
DA:431,0
DA:432,0
DA:436,0
DA:437,0
DA:440,0
DA:442,0
DA:443,0
DA:447,0
DA:448,0
DA:450,0
DA:451,0
DA:453,0
DA:455,0
DA:456,0
DA:460,0
DA:462,0
DA:464,0
DA:466,0
DA:467,0
DA:471,0
DA:474,0
DA:475,0
DA:477,0
DA:478,0
DA:480,0
DA:482,0
DA:486,0
DA:490,120
DA:521,120
DA:522,120
DA:523,120
DA:524,120
DA:525,120
DA:526,120
DA:530,120
DA:533,0
DA:535,0
DA:536,0
DA:537,0
DA:538,0
DA:541,120
DA:543,120
DA:545,0
DA:547,120
DA:549,120
DA:550,120
DA:554,0
DA:557,120
DA:558,120
DA:560,120
DA:562,120
DA:565,0
DA:567,0
DA:569,0
DA:575,0
DA:577,0
DA:578,0
DA:579,0
DA:581,0
DA:582,0
DA:584,0
DA:587,0
DA:589,0
DA:592,0
DA:594,0
DA:595,0
DA:597,0
DA:598,0
DA:599,0
DA:603,0
DA:605,0
DA:606,0
DA:608,0
DA:609,0
DA:610,0
DA:614,0
DA:616,0
DA:619,0
DA:623,0
DA:624,0
DA:626,0
DA:627,0
DA:628,0
DA:632,0
DA:634,0
DA:635,0
DA:637,0
DA:638,0
DA:639,0
DA:643,0
DA:645,0
DA:652,45
DA:658,45
DA:661,45
DA:663,0
DA:664,0
DA:665,0
DA:666,0
DA:670,45
DA:672,0
DA:673,0
DA:674,0
DA:675,0
DA:678,45
DA:686,0
DA:692,0
DA:694,0
DA:696,0
DA:697,0
DA:698,0
DA:699,0
DA:700,0
DA:701,0
DA:702,0
DA:704,0
DA:707,225
DA:713,225
DA:715,225
DA:717,0
DA:718,0
DA:719,0
DA:720,0
DA:721,0
DA:722,0
DA:723,0
DA:725,225
DA:728,0
DA:735,0
DA:736,0
DA:738,0
DA:739,0
DA:741,0
DA:743,0
DA:744,0
DA:748,0
DA:749,0
DA:752,0
DA:754,0
DA:755,0
DA:756,0
DA:757,0
DA:758,0
DA:759,0
DA:760,0
DA:761,0
DA:762,0
DA:763,0
DA:775,45
DA:783,45
DA:784,45
DA:785,45
DA:787,45
DA:789,45
DA:791,0
DA:794,45
DA:796,0
DA:799,45
DA:801,0
DA:804,225
DA:809,180
DA:811,180
DA:812,180
DA:813,180
DA:814,180
DA:815,180
DA:817,0
DA:818,0
DA:819,0
DA:820,0
DA:821,0
DA:824,0
DA:825,0
DA:826,0
DA:827,0
DA:828,0
DA:831,0
DA:833,0
DA:834,0
DA:835,0
DA:836,0
DA:837,0
DA:840,180
DA:842,0
DA:844,0
DA:845,0
DA:846,0
DA:847,0
DA:849,0
DA:850,0
DA:851,0
DA:852,0
DA:853,0
DA:854,0
DA:855,0
DA:856,0
DA:857,0
DA:860,180
DA:862,180
DA:864,180
DA:898,0
DA:901,0
DA:905,0
DA:912,0
DA:913,0
DA:914,0
DA:916,0
DA:918,0
DA:920,0
DA:923,0
DA:925,0
DA:928,0
DA:930,0
DA:933,0
DA:935,0
DA:937,0
DA:938,0
DA:939,0
DA:940,0
DA:941,0
DA:942,0
DA:944,0
DA:946,0
DA:948,0
DA:953,0
DA:959,0
DA:962,0
DA:964,0
DA:965,0
DA:966,0
DA:967,0
DA:969,0
DA:972,0
DA:977,0
DA:978,0
DA:979,0
DA:980,0
DA:982,0
DA:984,0
DA:986,0
DA:988,0
DA:989,0
DA:990,0
DA:992,0
DA:993,0
DA:995,0
DA:997,0
DA:998,0
DA:1000,0
DA:1002,0
DA:1003,0
DA:1005,0
DA:1006,0
DA:1007,0
DA:1008,0
DA:1011,0
DA:1013,0
DA:1014,0
DA:1015,0
DA:1017,0
DA:1019,0
DA:1020,0
DA:1022,0
DA:1030,0
DA:1031,0
DA:1033,0
DA:1178,0
DA:1185,0
DA:1187,0
DA:1189,0
DA:1191,0
DA:1195,0
DA:1200,0
DA:1202,0
DA:1206,0
DA:1210,0
DA:1212,0
DA:1213,0
DA:1214,0
DA:1215,0
DA:1216,0
DA:1217,0
DA:1218,0
DA:1219,0
DA:1220,0
DA:1222,0
DA:1225,0
DA:1234,0
DA:1235,0
DA:1236,0
DA:1238,0
DA:1240,0
DA:1242,0
DA:1245,0
DA:1247,0
DA:1250,0
DA:1252,0
DA:1255,0
DA:1260,0
DA:1262,0
DA:1263,0
DA:1264,0
DA:1265,0
DA:1266,0
DA:1268,0
DA:1269,0
DA:1270,0
DA:1271,0
DA:1272,0
DA:1275,0
DA:1276,0
DA:1277,0
DA:1278,0
DA:1279,0
DA:1282,0
DA:1284,0
DA:1285,0
DA:1286,0
DA:1287,0
DA:1288,0
DA:1291,0
DA:1293,0
DA:1295,0
DA:1299,0
DA:1304,0
DA:1306,0
DA:1310,0
DA:1314,0
DA:1316,0
DA:1318,0
DA:1319,0
DA:1320,0
DA:1321,0
DA:1323,0
DA:1324,0
DA:1325,0
DA:1326,0
DA:1327,0
DA:1328,0
DA:1329,0
DA:1330,0
DA:1331,0
DA:1332,0
DA:1333,0
DA:1336,0
DA:1338,0
DA:1340,0
DA:1345,0
DA:1352,0
DA:1355,0
DA:1357,0
DA:1359,0
DA:1361,0
DA:1362,0
DA:1368,0
DA:1370,0
DA:1374,0
DA:1376,0
DA:1377,0
DA:1378,0
DA:1379,0
DA:1381,0
DA:1384,0
DA:1392,0
DA:1395,0
DA:1397,0
DA:1399,0
DA:1401,0
DA:1402,0
DA:1408,0
DA:1410,0
DA:1414,0
DA:1416,0
DA:1417,0
DA:1418,0
DA:1419,0
DA:1421,0
DA:1424,0
DA:1431,0
DA:1432,0
DA:1433,0
DA:1434,0
DA:1436,0
DA:1439,0
DA:1441,0
DA:1444,0
DA:1446,0
DA:1449,0
DA:1451,0
DA:1454,0
DA:1456,0
DA:1461,0
DA:1462,0
DA:1464,0
DA:1468,0
DA:1470,0
DA:1472,0
DA:1474,0
DA:1475,0
DA:1481,0
DA:1483,0
DA:1487,0
DA:1489,0
DA:1490,0
DA:1492,0
DA:1493,0
DA:1495,0
DA:1496,0
DA:1497,0
DA:1499,0
DA:1503,0
DA:1511,0
DA:1512,0
DA:1513,0
DA:1516,0
DA:1518,0
DA:1520,0
DA:1523,0
DA:1525,0
DA:1528,0
DA:1530,0
DA:1533,0
DA:1535,0
DA:1536,0
DA:1538,0
DA:1540,0
DA:1541,0
DA:1542,0
DA:1544,0
DA:1545,0
DA:1547,0
DA:1548,0
DA:1549,0
DA:1550,0
DA:1551,0
DA:1552,0
DA:1553,0
DA:1554,0
DA:1556,0
DA:1557,0
DA:1559,0
DA:1561,0
DA:1584,0
DA:1586,0
DA:1588,0
DA:1589,0
DA:1590,0
DA:1592,0
DA:1593,0
DA:1594,0
DA:1597,0
DA:1598,0
DA:1599,0
DA:1602,0
DA:1603,0
DA:1604,0
DA:1610,0
DA:1612,0
DA:1613,0
DA:1758,0
DA:1760,0
DA:1762,0
DA:1763,0
DA:1764,0
DA:1766,0
DA:1772,0
DA:1774,0
DA:1775,0
DA:1776,0
DA:1778,0
DA:1779,0
DA:1781,0
DA:1784,0
DA:1786,0
DA:1788,0
DA:1791,0
DA:1795,0
DA:1797,0
DA:1799,0
DA:1800,0
DA:1801,0
DA:1803,0
DA:1804,0
DA:1805,0
DA:1807,0
DA:1811,0
DA:1813,0
DA:1814,0
DA:1815,0
DA:1817,0
DA:1818,0
DA:1819,0
DA:1821,0
DA:1822,0
DA:1827,120
DA:1829,120
DA:1830,120
DA:1831,120
DA:1832,120
DA:1834,120
DA:1836,120
DA:1837,120
DA:1839,120
DA:1841,120
DA:1844,120
DA:1845,120
DA:1849,0
DA:1851,0
DA:1852,0
DA:1855,15
DA:1857,15
DA:1858,15
DA:1859,15
DA:1860,15
DA:1861,15
DA:1862,15
DA:1863,15
DA:1864,15
DA:1866,15
DA:1868,15
DA:1871,15
DA:1873,15
DA:1874,15
DA:1875,15
DA:1876,15
DA:1877,15
DA:1878,15
DA:1879,15
DA:1880,15
DA:1881,15
DA:1882,15
DA:1883,15
DA:1885,15
DA:1889,0
DA:1894,15
DA:1897,15
LF:665
LH:107
end_of_record
TN:
SF:/workspaces/c-template/src/main.c
FN:7,string_subscriber
FN:14,hex_subscriber
FN:24,counting_subscriber
FN:29,main
FNDA:2,hex_subscriber
FNDA:3,counting_subscriber
FNDA:3,string_subscriber
FNDA:1,main
FNF:4
FNH:4
DA:7,3
DA:8,3
DA:9,3
DA:10,3
DA:11,3
DA:14,2
DA:15,2
DA:16,13
DA:17,11
DA:19,2
DA:20,2
DA:24,3
DA:25,3
DA:26,3
DA:27,3
DA:29,1
DA:31,1
DA:34,1
DA:35,1
DA:36,1
DA:39,1
DA:40,1
DA:41,1
DA:43,1
DA:44,1
DA:45,1
DA:48,1
DA:50,1
DA:51,1
DA:54,1
DA:55,1
DA:56,1
DA:57,1
DA:59,1
LF:34
LH:34
end_of_record
TN:
SF:/workspaces/c-template/src/publisher.c
FN:4,publisher_init
FN:12,publisher_subscribe
FN:32,publisher_unsubscribe
FN:47,publisher_publish
FN:64,publisher_process
FNDA:17,publisher_unsubscribe
FNDA:137,publisher_init
FNDA:19,publisher_process
FNDA:291,publisher_publish
FNDA:261,publisher_subscribe
FNF:5
FNH:5
DA:4,137
DA:6,137
DA:7,137
DA:8,137
DA:9,137
DA:10,137
DA:12,261
DA:15,852
DA:16,606
DA:17,15
DA:22,246
DA:23,15
DA:27,231
DA:28,231
DA:29,231
DA:32,17
DA:35,19
DA:36,19
DA:38,34
DA:39,17
DA:41,17
DA:42,17
DA:45,17
DA:47,291
DA:50,291
DA:51,15
DA:55,276
DA:58,276
DA:59,276
DA:61,276
DA:64,19
DA:67,40
DA:69,21
DA:72,67
DA:73,46
DA:74,46
DA:79,21
DA:80,21
DA:82,19
LF:39
LH:39
end_of_record
TN:
SF:/workspaces/c-template/test/test_publisher.c
FN:13,test_callback1
FN:19,test_callback2
FN:27,setUp
FN:37,tearDown
FN:42,test_publisher_init_should_reset_state
FN:53,test_publisher_subscribe_should_add_callback
FN:62,test_publisher_subscribe_should_prevent_duplicates
FN:70,dummy_callback_0
FN:71,dummy_callback_1
FN:72,dummy_callback_2
FN:73,dummy_callback_3
FN:74,dummy_callback_4
FN:75,dummy_callback_5
FN:76,dummy_callback_6
FN:77,dummy_callback_7
FN:79,test_publisher_subscribe_should_handle_max_subscribers
FN:95,test_publisher_unsubscribe_should_remove_callback
FN:105,test_publisher_publish_should_queue_message
FN:114,test_publisher_publish_should_handle_queue_full
FN:128,test_publisher_process_should_notify_subscribers
FN:145,main
FNDA:8,test_publisher_process_should_notify_subscribers
FNDA:8,test_callback2
FNDA:8,test_publisher_unsubscribe_should_remove_callback
FNDA:8,test_publisher_init_should_reset_state
FNDA:8,test_publisher_subscribe_should_prevent_duplicates
FNDA:0,dummy_callback_6
FNDA:0,dummy_callback_3
FNDA:8,test_publisher_publish_should_handle_queue_full
FNDA:0,dummy_callback_5
FNDA:8,test_publisher_subscribe_should_handle_max_subscribers
FNDA:8,test_publisher_publish_should_queue_message
FNDA:8,test_callback1
FNDA:0,dummy_callback_7
FNDA:0,dummy_callback_4
FNDA:0,dummy_callback_1
FNDA:8,test_publisher_subscribe_should_add_callback
FNDA:64,tearDown
FNDA:0,dummy_callback_0
FNDA:64,setUp
FNDA:0,dummy_callback_2
FNDA:8,main
FNF:21
FNH:13
DA:13,8
DA:15,8
DA:16,8
DA:17,8
DA:19,8
DA:21,8
DA:22,8
DA:23,8
DA:27,64
DA:29,64
DA:30,64
DA:31,64
DA:32,64
DA:33,64
DA:34,64
DA:37,64
DA:40,64
DA:42,8
DA:45,8
DA:47,8
DA:48,8
DA:49,8
DA:50,8
DA:51,8
DA:53,8
DA:55,8
DA:56,8
DA:58,8
DA:59,8
DA:60,8
DA:62,8
DA:64,8
DA:65,8
DA:66,8
DA:67,8
DA:70,0
DA:71,0
DA:72,0
DA:73,0
DA:74,0
DA:75,0
DA:76,0
DA:77,0
DA:79,8
DA:81,8
DA:86,72
DA:87,64
DA:91,8
DA:92,8
DA:93,8
DA:95,8
DA:97,8
DA:98,8
DA:100,8
DA:101,8
DA:102,8
DA:103,8
DA:105,8
DA:107,8
DA:109,8
DA:110,8
DA:111,8
DA:112,8
DA:114,8
DA:116,8
DA:119,136
DA:120,128
DA:124,8
DA:125,8
DA:126,8
DA:128,8
DA:130,8
DA:132,8
DA:133,8
DA:134,8
DA:136,8
DA:138,8
DA:139,8
DA:140,8
DA:141,8
DA:142,8
DA:143,8
DA:145,8
DA:147,8
DA:148,8
DA:149,8
DA:150,8
DA:151,8
DA:152,8
DA:153,8
DA:154,8
DA:155,8
DA:156,8
LF:93
LH:85
end_of_record
